<?xml version="1.0" encoding="UTF-8"?>
<!-- Generated by org.testng.reporters.JUnitReportReporter -->
<testsuite hostname="LAPTOP-BB9R4924" failures="0" tests="2" name="Testcases.UserIdentity" time="12.729" errors="0" timestamp="2025-09-06T16:53:25 IST" skipped="0">
  <testcase classname="Testcases.UserIdentity" name="Registration" time="8.927"/>
  <testcase classname="Testcases.UserIdentity" name="Login" time="3.802"/>
</testsuite> <!-- Testcases.UserIdentity -->
